{"C:\\Users\\malas\\Downloads\\web_dev\\practices\\hyf\\Node.js-Cohort49\\assignments\\hackyourtemperature\\src\\app.js": {"path":"C:\\Users\\malas\\Downloads\\web_dev\\practices\\hyf\\Node.js-Cohort49\\assignments\\hackyourtemperature\\src\\app.js","statementMap":{"0":{"start":{"line":4,"column":12},"end":{"line":4,"column":21}},"1":{"start":{"line":6,"column":0},"end":{"line":6,"column":24}},"2":{"start":{"line":9,"column":0},"end":{"line":13,"column":3}},"3":{"start":{"line":10,"column":2},"end":{"line":12,"column":4}},"4":{"start":{"line":15,"column":0},"end":{"line":28,"column":3}},"5":{"start":{"line":16,"column":23},"end":{"line":16,"column":31}},"6":{"start":{"line":17,"column":2},"end":{"line":18,"column":78}},"7":{"start":{"line":18,"column":4},"end":{"line":18,"column":78}},"8":{"start":{"line":20,"column":15},"end":{"line":20,"column":48}},"9":{"start":{"line":22,"column":21},"end":{"line":22,"column":38}},"10":{"start":{"line":23,"column":22},"end":{"line":25,"column":76}},"11":{"start":{"line":27,"column":2},"end":{"line":27,"column":47}},"12":{"start":{"line":31,"column":0},"end":{"line":33,"column":3}},"13":{"start":{"line":32,"column":2},"end":{"line":32,"column":56}}},"fnMap":{"0":{"name":"(anonymous_0)","decl":{"start":{"line":9,"column":13},"end":{"line":9,"column":14}},"loc":{"start":{"line":9,"column":33},"end":{"line":13,"column":1}},"line":9},"1":{"name":"(anonymous_1)","decl":{"start":{"line":15,"column":21},"end":{"line":15,"column":22}},"loc":{"start":{"line":15,"column":47},"end":{"line":28,"column":1}},"line":15},"2":{"name":"(anonymous_2)","decl":{"start":{"line":31,"column":8},"end":{"line":31,"column":9}},"loc":{"start":{"line":31,"column":28},"end":{"line":33,"column":1}},"line":31}},"branchMap":{"0":{"loc":{"start":{"line":17,"column":2},"end":{"line":18,"column":78}},"type":"if","locations":[{"start":{"line":17,"column":2},"end":{"line":18,"column":78}},{"start":{},"end":{}}],"line":17},"1":{"loc":{"start":{"line":22,"column":21},"end":{"line":22,"column":38}},"type":"cond-expr","locations":[{"start":{"line":22,"column":29},"end":{"line":22,"column":32}},{"start":{"line":22,"column":35},"end":{"line":22,"column":38}}],"line":22},"2":{"loc":{"start":{"line":23,"column":22},"end":{"line":25,"column":76}},"type":"cond-expr","locations":[{"start":{"line":24,"column":6},"end":{"line":24,"column":41}},{"start":{"line":25,"column":6},"end":{"line":25,"column":76}}],"line":23}},"s":{"0":1,"1":1,"2":1,"3":1,"4":1,"5":8,"6":8,"7":3,"8":5,"9":5,"10":5,"11":5,"12":1,"13":5},"f":{"0":1,"1":8,"2":5},"b":{"0":[3,5],"1":[3,2],"2":[3,2]},"_coverageSchema":"1a1c01bbd47fc00a2c39e90264f33305004495a9","hash":"686416d3ab9bfa35f2310bda71e90b20aa97564b"}
,"C:\\Users\\malas\\Downloads\\web_dev\\practices\\hyf\\Node.js-Cohort49\\assignments\\hackyourtemperature\\src\\openWeatherAPI.js": {"path":"C:\\Users\\malas\\Downloads\\web_dev\\practices\\hyf\\Node.js-Cohort49\\assignments\\hackyourtemperature\\src\\openWeatherAPI.js","statementMap":{"0":{"start":{"line":4,"column":2},"end":{"line":20,"column":3}},"1":{"start":{"line":5,"column":16},"end":{"line":5,"column":130}},"2":{"start":{"line":7,"column":17},"end":{"line":7,"column":37}},"3":{"start":{"line":9,"column":4},"end":{"line":11,"column":5}},"4":{"start":{"line":10,"column":6},"end":{"line":10,"column":51}},"5":{"start":{"line":13,"column":4},"end":{"line":17,"column":6}},"6":{"start":{"line":19,"column":4},"end":{"line":19,"column":31}},"7":{"start":{"line":24,"column":19},"end":{"line":24,"column":35}},"8":{"start":{"line":25,"column":2},"end":{"line":26,"column":78}},"9":{"start":{"line":26,"column":4},"end":{"line":26,"column":78}},"10":{"start":{"line":28,"column":15},"end":{"line":28,"column":36}},"11":{"start":{"line":29,"column":2},"end":{"line":29,"column":48}},"12":{"start":{"line":29,"column":13},"end":{"line":29,"column":48}},"13":{"start":{"line":31,"column":2},"end":{"line":31,"column":14}}},"fnMap":{"0":{"name":"getCurrentWeather","decl":{"start":{"line":3,"column":22},"end":{"line":3,"column":39}},"loc":{"start":{"line":3,"column":46},"end":{"line":21,"column":1}},"line":3},"1":{"name":"fetchData","decl":{"start":{"line":23,"column":15},"end":{"line":23,"column":24}},"loc":{"start":{"line":23,"column":30},"end":{"line":32,"column":1}},"line":23}},"branchMap":{"0":{"loc":{"start":{"line":9,"column":4},"end":{"line":11,"column":5}},"type":"if","locations":[{"start":{"line":9,"column":4},"end":{"line":11,"column":5}},{"start":{},"end":{}}],"line":9},"1":{"loc":{"start":{"line":9,"column":8},"end":{"line":9,"column":69}},"type":"binary-expr","locations":[{"start":{"line":9,"column":8},"end":{"line":9,"column":23}},{"start":{"line":9,"column":27},"end":{"line":9,"column":55}},{"start":{"line":9,"column":59},"end":{"line":9,"column":69}}],"line":9},"2":{"loc":{"start":{"line":25,"column":2},"end":{"line":26,"column":78}},"type":"if","locations":[{"start":{"line":25,"column":2},"end":{"line":26,"column":78}},{"start":{},"end":{}}],"line":25},"3":{"loc":{"start":{"line":29,"column":2},"end":{"line":29,"column":48}},"type":"if","locations":[{"start":{"line":29,"column":2},"end":{"line":29,"column":48}},{"start":{},"end":{}}],"line":29}},"s":{"0":5,"1":5,"2":5,"3":3,"4":1,"5":2,"6":3,"7":5,"8":5,"9":1,"10":4,"11":4,"12":1,"13":3},"f":{"0":5,"1":5},"b":{"0":[1,2],"1":[3,2,2],"2":[1,4],"3":[1,3]},"_coverageSchema":"1a1c01bbd47fc00a2c39e90264f33305004495a9","hash":"601611184464626bd423ab3d6dec9c9c65e7924c"}
}
