TN:
SF:src\app.js
FN:9,(anonymous_0)
FN:15,(anonymous_1)
FN:31,(anonymous_2)
FNF:3
FNH:3
FNDA:1,(anonymous_0)
FNDA:8,(anonymous_1)
FNDA:5,(anonymous_2)
DA:4,1
DA:6,1
DA:9,1
DA:10,1
DA:15,1
DA:16,8
DA:17,8
DA:18,3
DA:20,5
DA:22,5
DA:23,5
DA:27,5
DA:31,1
DA:32,5
LF:14
LH:14
BRDA:17,0,0,3
BRDA:17,0,1,5
BRDA:22,1,0,3
BRDA:22,1,1,2
BRDA:23,2,0,3
BRDA:23,2,1,2
BRF:6
BRH:6
end_of_record
TN:
SF:src\openWeatherAPI.js
FN:3,getCurrentWeather
FN:23,fetchData
FNF:2
FNH:2
FNDA:5,getCurrentWeather
FNDA:5,fetchData
DA:4,5
DA:5,5
DA:7,5
DA:9,3
DA:10,1
DA:13,2
DA:19,3
DA:24,5
DA:25,5
DA:26,1
DA:28,4
DA:29,4
DA:31,3
LF:13
LH:13
BRDA:9,0,0,1
BRDA:9,0,1,2
BRDA:9,1,0,3
BRDA:9,1,1,2
BRDA:9,1,2,2
BRDA:25,2,0,1
BRDA:25,2,1,4
BRDA:29,3,0,1
BRDA:29,3,1,3
BRF:9
BRH:9
end_of_record
